<?xml version="1.0" encoding="UTF-8"?>
<!-- Generated by org.testng.reporters.JUnitReportReporter -->
<testsuite hostname="HP" failures="0" tests="3" name="TestClasses.LoginTestDataProvider" time="16.734" errors="0" timestamp="2024-08-26T12:48:58 IST" skipped="0">
  <testcase classname="TestClasses.LoginTestDataProvider" name="loginDataProvider" time="5.186"/>
  <testcase classname="TestClasses.LoginTestDataProvider" name="loginDataProvider" time="4.240"/>
  <testcase classname="TestClasses.LoginTestDataProvider" name="loginDataProvider" time="7.308"/>
</testsuite> <!-- TestClasses.LoginTestDataProvider -->
