<?xml version="1.0" encoding="UTF-8"?>
<!-- Generated by org.testng.reporters.JUnitReportReporter -->
<testsuite hostname="HP" failures="0" tests="3" name="TestClasses.LoginTestDataProvider" time="16.632" errors="0" timestamp="2024-08-26T12:45:45 IST" skipped="0">
  <testcase classname="TestClasses.LoginTestDataProvider" name="loginDataProvider" time="4.872"/>
  <system-out/>
  <testcase classname="TestClasses.LoginTestDataProvider" name="loginDataProvider" time="6.994"/>
  <system-out/>
  <testcase classname="TestClasses.LoginTestDataProvider" name="loginDataProvider" time="4.766"/>
  <system-out/>
</testsuite> <!-- TestClasses.LoginTestDataProvider -->
